[2025-08-05 16:25:42] [INFO] main: testadmin login
[2025-08-05 16:25:53] [INFO] main: testadmin create the add for testadmin3
[2025-08-05 16:26:08] [INFO] main: testadmin change state of vm postman-clone to start
[2025-08-05 16:26:20] [INFO] main: testadmin change state of vm postman-clone to shutdown
[2025-08-05 16:26:45] [INFO] main: testadmin listed all VM
[2025-08-05 16:26:58] [INFO] main: testadmin created Linux vm named postman-new2
[2025-08-05 16:27:46] [INFO] main: testadmin cloned Linux vm named postman-clone2
[2025-08-05 16:30:14] [INFO] main: testadmin listed all VM
[2025-08-05 16:30:28] [INFO] main: testadmin change state of vm postman-clone to shutdown
[2025-08-05 16:31:32] [INFO] main: testadmin change state of vm postman-new to destroy
[2025-08-05 16:31:38] [INFO] main: testadmin change state of vm postman-new2 to destroy
[2025-08-05 16:31:59] [INFO] main: testadmin change state of vm postman-clone to start
[2025-08-05 16:51:30] [INFO] main: testadmin login
[2025-08-05 16:51:33] [INFO] main: testadmin listed all VM
[2025-08-05 16:51:51] [INFO] main: testadmin listed all VM
[2025-08-05 16:53:33] [INFO] main: testadmin listed all VM
[2025-08-05 16:55:46] [INFO] main: testadmin listed all VM
[2025-08-05 16:56:22] [INFO] main: testadmin listed all VM
[2025-08-05 16:57:32] [INFO] main: testadmin listed all VM
[2025-08-05 16:57:48] [INFO] main: testadmin listed all VM
[2025-08-05 16:58:02] [INFO] main: testadmin listed all VM
[2025-08-05 17:01:33] [INFO] main: testadmin login
[2025-08-05 17:01:44] [INFO] main: testadmin change state of vm postman-clone to start
[2025-08-05 17:01:52] [INFO] main: testadmin change state of vm postman-clone to shutdown
[2025-08-05 17:02:00] [INFO] main: testadmin listed all VM
[2025-08-05 17:02:08] [INFO] main: testadmin created Linux vm named postman-new2
[2025-08-05 17:03:28] [INFO] main: testadmin cloned Linux vm named postman-clone2
[2025-08-05 17:24:11] [INFO] main: testadmin login
[2025-08-05 17:24:17] [INFO] main: testadmin listed all VM
[2025-08-05 17:24:53] [INFO] main: testuser login
[2025-08-05 17:25:06] [INFO] main: testuser listed all VM
[2025-08-05 17:38:53] [INFO] main: testuser login
[2025-08-05 17:39:42] [INFO] main: testuser listed all VM
[2025-08-05 17:39:48] [ERROR] main: testuser got error: Domain is already active when changing state of vm postman-clone to start
[2025-08-05 17:40:20] [ERROR] main: testuser got error: Domain is already active when changing state of vm postman-clone to start
[2025-08-05 17:40:38] [ERROR] main: testuser got error: Domain is already active when changing state of vm postman-clone to start
[2025-08-05 17:40:57] [INFO] main: testuser login
[2025-08-05 17:41:01] [ERROR] main: testuser got error: Domain is already active when changing state of vm postman-clone to start
[2025-08-05 17:41:22] [INFO] main: testadmin login
[2025-08-05 17:41:29] [ERROR] main: testadmin got ERROR    Could not use path '/home/postman-clone2.qcow2' for cloning: Clone onto existing storage volume is not currently supported: '/home/postman-clone2.qcow2' when cloning Linux vm named postman-clone2
[2025-08-05 17:41:46] [ERROR] main: testadmin got ERROR    Disk /home/postman-new2.qcow2 is already in use by other guests ['postman-new2']. (Use --check path_in_use=off or --check all=off to override) when creating Linux vm named postman-new2
[2025-08-05 17:41:52] [INFO] main: testadmin listed all VM
[2025-08-05 17:41:57] [ERROR] main: testadmin got error: Domain is already active when changing state of vm postman-clone to start
[2025-08-05 17:42:03] [ERROR] main: testadmin got 1062 (23000): Duplicate entry 'testadmin3' for key 'users.PRIMARY' when creating creating for testadmin3
[2025-08-05 17:42:15] [INFO] main: testadmin login
[2025-08-06 10:37:26] [INFO] main: testadmin login
[2025-08-06 10:38:18] [INFO] main: testadmin login
[2025-08-06 10:38:25] [INFO] main: testadmin listed all VM
[2025-08-06 10:38:30] [ERROR] main: testadmin got error: Domain is already active when changing state of vm postman-clone to start
[2025-08-06 10:38:36] [ERROR] main: testadmin got 1062 (23000): Duplicate entry 'testadmin3' for key 'users.PRIMARY' when creating creating for testadmin3
[2025-08-06 10:38:42] [ERROR] main: testadmin got ERROR    Disk /home/postman-new2.qcow2 is already in use by other guests ['postman-new2']. (Use --check path_in_use=off or --check all=off to override) when creating Linux vm named postman-new2
[2025-08-06 10:38:48] [ERROR] main: testadmin got ERROR    Could not use path '/home/postman-clone2.qcow2' for cloning: Clone onto existing storage volume is not currently supported: '/home/postman-clone2.qcow2' when cloning Linux vm named postman-clone2
[2025-08-06 10:39:10] [ERROR] main: testadmin got ERROR    Could not use path '/home/postman-clone.qcow2' for cloning: Clone onto existing storage volume is not currently supported: '/home/postman-clone.qcow2' when cloning Linux vm named postman-clone
[2025-08-06 10:39:57] [INFO] main: testadmin cloned Linux vm named postman-clone3
[2025-08-06 10:41:02] [INFO] main: testadmin change state of vm postman-clone3 to start
[2025-08-06 10:41:10] [ERROR] main: testadmin got ERROR    Could not use path '/home/postman-clone3.qcow2' for cloning: Clone onto existing storage volume is not currently supported: '/home/postman-clone3.qcow2' when cloning Linux vm named postman-clone3
[2025-08-06 11:32:22] [INFO] main: testadmin login
[2025-08-06 11:32:26] [INFO] main: testadmin listed all VM
[2025-08-06 12:01:04] [INFO] main: testadmin login
[2025-08-06 12:01:09] [INFO] main: testadmin listed all VM
[2025-08-06 12:02:19] [INFO] main: testadmin listed all VM
[2025-08-06 12:02:55] [INFO] main: testadmin listed all VM
[2025-08-06 12:03:23] [ERROR] main: testadmin got ERROR    Could not use path '/home/postman-clone3.qcow2' for cloning: Clone onto existing storage volume is not currently supported: '/home/postman-clone3.qcow2' when cloning Linux vm named postman-clone3
[2025-08-06 12:15:36] [INFO] main: testadmin cloned Linux vm named postman-clone3
[2025-08-06 12:16:48] [INFO] main: testadmin login
[2025-08-06 12:18:10] [INFO] main: testadmin cloned Windows vm named postman-clone
[2025-08-06 12:18:55] [INFO] main: testadmin change state of vm postman-clone3 to start
[2025-08-06 12:19:11] [ERROR] main: testadmin got error: Domain is already active when changing state of vm postman-clone3 to start
[2025-08-06 12:19:30] [INFO] main: testadmin change state of vm postman-clone to start
[2025-08-06 12:19:39] [ERROR] main: testadmin got error: failed to get domain 'postman-clone5' when changing state of vm postman-clone5 to start
[2025-08-06 12:19:46] [ERROR] main: Entered the state of VM
[2025-08-06 12:20:10] [ERROR] main: Entered the state of VM
[2025-08-06 12:20:22] [ERROR] main: testadmin got error: Domain is already active when changing state of vm postman-clone to start
[2025-08-06 13:40:09] [INFO] main: testadmin login
[2025-08-06 13:40:17] [INFO] main: testadmin listed all VM
[2025-08-06 15:14:41] [INFO] main: testadmin login
[2025-08-06 15:14:46] [INFO] main: testadmin listed all VM
[2025-08-06 15:14:53] [ERROR] main: testadmin got ERROR    Could not use path '/home/postman-clone.qcow2' for cloning: Clone onto existing storage volume is not currently supported: '/home/postman-clone.qcow2' when cloning Windows vm named postman-clone
[2025-08-06 15:16:14] [INFO] main: testadmin cloned Windows vm named postman-clone1
[2025-08-06 15:16:22] [INFO] main: testadmin listed all VM
[2025-08-06 15:17:31] [INFO] main: testadmin cloned Windows vm named postman-clone2
[2025-08-06 17:08:30] [INFO] main: testadmin login
[2025-08-06 17:09:27] [INFO] main: testadmin listed all VM
[2025-08-06 17:11:29] [INFO] main: testadmin login
[2025-08-07 16:02:56] [INFO] main: testadmin login
[2025-08-07 16:06:14] [INFO] main: testadmin login
[2025-08-07 16:10:36] [INFO] main: testadmin login
[2025-08-07 16:10:43] [INFO] main: testadmin login
[2025-08-07 16:11:04] [INFO] main: testadmin listed all VM
[2025-08-07 16:11:12] [INFO] main: testadmin listed all VM
[2025-08-07 16:11:27] [INFO] main: testadmin listed all VM
[2025-08-07 16:12:10] [INFO] main: testadmin listed all VM
[2025-08-07 16:14:47] [INFO] main: testadmin listed all VM
[2025-08-07 16:14:55] [INFO] main: testadmin listed all VM
[2025-08-07 16:15:21] [INFO] main: testadmin listed all VM
[2025-08-07 16:15:29] [INFO] main: testadmin listed all VM
[2025-08-07 16:16:03] [INFO] main: testadmin listed all VM
[2025-08-07 16:16:04] [INFO] main: testadmin listed all VM
[2025-08-07 16:16:07] [INFO] main: testadmin listed all VM
[2025-08-07 16:19:42] [INFO] main: testadmin listed all VM
[2025-08-07 16:20:22] [INFO] main: testadmin listed all VM
[2025-08-07 16:21:40] [INFO] main: testadmin listed all VM
[2025-08-07 16:21:40] [INFO] main: testadmin listed all VM
[2025-08-07 16:23:22] [INFO] main: testadmin listed all VM
[2025-08-07 16:23:30] [INFO] main: testadmin listed all VM
[2025-08-07 16:24:09] [INFO] main: testadmin listed all VM
[2025-08-07 16:24:15] [INFO] main: testadmin listed all VM
[2025-08-07 16:24:17] [INFO] main: testadmin listed all VM
[2025-08-07 16:28:11] [INFO] main: testadmin login
[2025-08-07 16:28:59] [INFO] main: testadmin listed all VM
[2025-08-07 16:28:59] [INFO] main: testadmin listed all VM
[2025-08-07 16:29:03] [INFO] main: testadmin listed all VM
[2025-08-07 16:29:29] [INFO] main: testadmin listed all VM
[2025-08-07 16:29:45] [INFO] main: testadmin listed all VM
[2025-08-07 16:29:48] [INFO] main: testadmin listed all VM
[2025-08-07 16:29:49] [INFO] main: testadmin listed all VM
[2025-08-07 16:29:52] [INFO] main: testadmin listed all VM
[2025-08-07 16:29:56] [INFO] main: testadmin listed all VM
[2025-08-07 16:30:30] [INFO] main: testadmin listed all VM
[2025-08-07 16:30:41] [INFO] main: testadmin listed all VM
[2025-08-07 16:30:58] [INFO] main: testadmin listed all VM
[2025-08-07 16:31:02] [INFO] main: testadmin listed all VM
[2025-08-07 16:31:50] [INFO] main: testadmin listed all VM
[2025-08-07 16:31:53] [INFO] main: testadmin listed all VM
[2025-08-07 16:37:57] [INFO] main: testadmin login
[2025-08-07 16:38:01] [INFO] main: testadmin listed all VM
[2025-08-07 16:39:30] [INFO] main: testadmin listed all VM
[2025-08-07 16:39:32] [INFO] main: testadmin listed all VM
[2025-08-07 16:39:36] [INFO] main: testadmin listed all VM
[2025-08-07 16:39:39] [INFO] main: testadmin listed all VM
[2025-08-07 16:40:18] [INFO] main: testadmin listed all VM
[2025-08-07 16:43:03] [INFO] main: testadmin listed all VM
[2025-08-07 16:43:49] [INFO] main: testadmin listed all VM
[2025-08-07 16:44:24] [INFO] main: testadmin listed all VM
[2025-08-07 16:44:46] [INFO] main: testadmin listed all VM
[2025-08-07 16:45:31] [INFO] main: testadmin listed all VM
[2025-08-11 13:26:33] [INFO] main: testadmin login
[2025-08-11 13:26:43] [ERROR] main: testadmin got 1062 (23000): Duplicate entry 'testadmin3' for key 'users.PRIMARY' when creating creating for testadmin3
[2025-08-11 13:26:50] [INFO] main: testadmin created Account for testadmin4
[2025-08-11 13:27:24] [INFO] main: testadmin listed all VM
[2025-08-11 13:27:32] [ERROR] main: testadmin got error: Domain is already active when changing state of vm postman-clone to start
[2025-08-11 13:27:47] [INFO] main: testadmin created Linux vm named postman-new2
[2025-08-11 13:27:54] [ERROR] main: testadmin got ERROR    Could not use path '/home/postman-clone2.qcow2' for cloning: Clone onto existing storage volume is not currently supported: '/home/postman-clone2.qcow2' when cloning Windows vm named postman-clone2
[2025-08-11 13:28:16] [ERROR] main: testadmin got ERROR    Could not use path '/home/postman-clone3.qcow2' for cloning: Clone onto existing storage volume is not currently supported: '/home/postman-clone3.qcow2' when cloning Windows vm named postman-clone3
[2025-08-11 13:30:00] [INFO] main: testadmin cloned Windows vm named postman-clone4
[2025-08-11 13:31:17] [INFO] main: testadmin listed all VM
[2025-08-11 13:31:39] [INFO] main: testadmin change state of vm postman-clone1 to start
[2025-08-11 13:36:42] [INFO] main: testadmin login
[2025-08-11 13:36:46] [ERROR] main: testadmin got 1062 (23000): Duplicate entry 'testadmin4' for key 'users.PRIMARY' when creating creating for testadmin4
[2025-08-11 13:36:51] [ERROR] main: testadmin got error: Domain is already active when changing state of vm postman-clone1 to start
[2025-08-11 13:36:58] [INFO] main: testadmin listed all VM
[2025-08-11 13:37:08] [ERROR] main: testadmin got ERROR    Disk /home/postman-new2.qcow2 is already in use by other guests ['postman-new2']. (Use --check path_in_use=off or --check all=off to override) when creating Linux vm named postman-new2
[2025-08-11 13:37:12] [ERROR] main: testadmin got ERROR    Could not use path '/home/postman-clone4.qcow2' for cloning: Clone onto existing storage volume is not currently supported: '/home/postman-clone4.qcow2' when cloning Windows vm named postman-clone4
[2025-08-12 11:25:10] [INFO] main: testadmin login
[2025-08-12 11:25:52] [INFO] main: testadmin listed all VM
[2025-08-12 11:31:34] [INFO] main: testadmin listed all VM
[2025-08-12 11:31:38] [INFO] main: testadmin listed all VM
[2025-08-12 11:32:28] [INFO] main: testadmin listed all VM
[2025-08-12 11:32:37] [INFO] main: testadmin listed all VM
[2025-08-12 11:33:11] [INFO] main: testadmin listed all VM
[2025-08-12 11:33:29] [INFO] main: testadmin listed all VM
[2025-08-12 11:34:17] [INFO] main: testadmin listed all VM
[2025-08-12 11:34:55] [INFO] main: testadmin listed all VM
[2025-08-12 11:36:13] [INFO] main: testadmin listed all VM
[2025-08-12 11:37:02] [INFO] main: testadmin listed all VM
[2025-08-12 11:37:09] [INFO] main: testadmin listed all VM
[2025-08-12 11:38:33] [INFO] main: testadmin listed all VM
[2025-08-12 11:48:07] [INFO] main: testadmin login
[2025-08-12 11:48:38] [INFO] main: testadmin login
[2025-08-12 11:48:54] [INFO] main: testadmin listed all VM
[2025-08-12 11:49:09] [INFO] main: testadmin listed all VM
[2025-08-12 11:49:29] [INFO] main: testadmin listed all VM
[2025-08-12 11:50:53] [INFO] main: testadmin listed all VM
[2025-08-12 12:03:09] [INFO] main: testadmin listed all VM
[2025-08-12 12:03:36] [INFO] main: testadmin listed all VM
[2025-08-12 16:21:27] [INFO] main: testadmin login
[2025-08-12 16:23:09] [INFO] main: testadmin listed all VM
[2025-08-12 16:23:10] [INFO] main: testadmin listed all VM
[2025-08-12 16:27:33] [INFO] main: testadmin listed all VM
[2025-08-12 16:27:44] [INFO] main: testadmin listed all VM
[2025-08-12 16:27:48] [INFO] main: testadmin listed all VM
[2025-08-12 16:29:44] [INFO] main: testadmin listed all VM
[2025-08-12 16:30:51] [INFO] main: testadmin listed all VM
[2025-08-12 16:31:03] [INFO] main: testadmin listed all VM
[2025-08-12 16:31:14] [INFO] main: testadmin listed all VM
[2025-08-12 16:31:20] [INFO] main: testadmin listed all VM
[2025-08-12 16:31:25] [INFO] main: testadmin listed all VM
[2025-08-12 16:31:32] [INFO] main: testadmin listed all VM
[2025-08-12 16:31:38] [INFO] main: testadmin listed all VM
[2025-08-12 16:31:48] [INFO] main: testadmin listed all VM
[2025-08-12 16:31:53] [INFO] main: testadmin listed all VM
[2025-08-12 16:31:55] [INFO] main: testadmin listed all VM
[2025-08-12 16:31:56] [INFO] main: testadmin listed all VM
[2025-08-12 16:32:05] [INFO] main: testadmin listed all VM
[2025-08-12 16:32:18] [INFO] main: testadmin listed all VM
[2025-08-12 16:32:26] [INFO] main: testadmin listed all VM
[2025-08-12 16:32:31] [INFO] main: testadmin listed all VM
[2025-08-12 16:32:36] [INFO] main: testadmin listed all VM
[2025-08-12 16:32:39] [INFO] main: testadmin listed all VM
[2025-08-13 10:51:51] [INFO] main: testadmin login
[2025-08-13 10:52:27] [INFO] main: testadmin login
[2025-08-13 10:53:05] [INFO] main: testadmin login
[2025-08-13 10:53:06] [INFO] main: testadmin listed all VM
[2025-08-13 10:54:36] [ERROR] main: testadmin entered wrong password
[2025-08-13 10:55:09] [INFO] main: testadmin login
[2025-08-13 10:55:09] [INFO] main: testadmin listed all VM
[2025-08-13 10:55:26] [INFO] main: testadmin login
[2025-08-13 10:55:27] [INFO] main: testadmin listed all VM
[2025-08-13 10:56:16] [INFO] main: testadmin login
[2025-08-13 10:56:16] [INFO] main: testadmin listed all VM
[2025-08-13 11:18:30] [INFO] main: testadmin login
[2025-08-13 11:19:26] [INFO] main: testadmin login
[2025-08-13 11:19:26] [INFO] main: testadmin listed all VM
[2025-08-13 11:23:54] [INFO] main: testadmin login
[2025-08-13 11:23:54] [INFO] main: testadmin listed all VM
[2025-08-13 11:26:34] [INFO] main: testadmin login
[2025-08-13 11:26:34] [INFO] main: testadmin listed all VM
[2025-08-13 11:27:00] [INFO] main: testadmin login
[2025-08-13 11:27:01] [INFO] main: testadmin listed all VM
[2025-08-13 13:01:28] [INFO] main: testadmin login
[2025-08-13 13:01:44] [INFO] main: testadmin listed all VM
[2025-08-13 13:01:55] [INFO] main: testadmin listed all VM
[2025-08-13 13:01:56] [INFO] main: testadmin listed all VM
[2025-08-13 13:02:04] [INFO] main: testadmin listed all VM
[2025-08-13 13:02:09] [INFO] main: testadmin listed all VM
[2025-08-13 13:02:21] [INFO] main: testadmin listed all VM
[2025-08-13 13:02:30] [INFO] main: testadmin listed all VM
[2025-08-13 13:02:41] [INFO] main: testadmin listed all VM
[2025-08-13 13:02:46] [INFO] main: testadmin listed all VM
[2025-08-13 13:03:42] [INFO] main: testadmin listed all VM
[2025-08-13 13:03:54] [INFO] main: testadmin listed all VM
[2025-08-13 13:07:40] [INFO] main: testadmin login
[2025-08-13 13:07:40] [INFO] main: testadmin listed all VM
[2025-08-13 13:07:41] [INFO] main: testadmin listed all VM
[2025-08-13 13:08:11] [INFO] main: testadmin listed all VM
[2025-08-13 13:08:35] [INFO] main: testadmin login
[2025-08-13 13:08:35] [INFO] main: testadmin listed all VM
[2025-08-13 13:55:17] [ERROR] main: testadmin entered wrong password
[2025-08-13 13:55:24] [INFO] main: testadmin login
[2025-08-13 13:58:10] [INFO] main: testadmin login
[2025-08-13 13:59:19] [INFO] main: testadmin login
[2025-08-13 14:00:01] [INFO] main: testadmin login
[2025-08-13 14:00:39] [INFO] main: testadmin login
[2025-08-13 14:00:56] [INFO] main: testadmin listed all VM
[2025-08-13 14:01:12] [INFO] main: testadmin login
[2025-08-13 14:01:12] [INFO] main: testadmin listed all VM
[2025-08-13 14:01:24] [INFO] main: testadmin listed all VM
[2025-08-13 14:01:25] [INFO] main: testadmin listed all VM
[2025-08-13 14:10:55] [INFO] main: testadmin listed all VM
[2025-08-13 14:11:28] [INFO] main: testadmin listed all VM
[2025-08-13 14:11:51] [ERROR] main: testadmin entered wrong password
[2025-08-13 14:11:53] [ERROR] main: testadmin entered wrong password
[2025-08-13 14:12:01] [INFO] main: testadmin login
[2025-08-13 14:12:01] [INFO] main: testadmin listed all VM
[2025-08-13 14:12:22] [INFO] main: testuser login
[2025-08-13 14:12:22] [INFO] main: testuser listed all VM
[2025-08-13 14:13:00] [INFO] main: testadmin login
[2025-08-13 14:13:01] [INFO] main: testadmin listed all VM
[2025-08-13 14:13:52] [INFO] main: testadmin listed all VM
[2025-08-13 14:14:18] [INFO] main: testadmin login
[2025-08-13 14:14:18] [INFO] main: testadmin listed all VM
[2025-08-13 14:16:27] [INFO] main: testadmin listed all VM
[2025-08-13 14:17:29] [INFO] main: testadmin listed all VM
[2025-08-13 14:23:13] [INFO] main: testadmin listed all VM
[2025-08-13 16:25:00] [INFO] main: testadmin login
[2025-08-13 16:25:03] [INFO] main: testadmin listed all VM
[2025-08-13 16:25:48] [INFO] main: testadmin listed all VM
[2025-08-13 16:26:07] [INFO] main: testadmin listed all VM
[2025-08-13 16:27:02] [INFO] main: testadmin login
[2025-08-13 16:27:02] [INFO] main: testadmin listed all VM
[2025-08-13 16:27:09] [INFO] main: testadmin listed all VM
[2025-08-13 16:27:20] [INFO] main: testadmin listed all VM
[2025-08-13 16:29:39] [INFO] main: testadmin listed all VM
[2025-08-13 16:30:49] [INFO] main: testadmin listed all VM
[2025-08-13 16:31:33] [INFO] main: testadmin listed all VM
[2025-08-13 16:32:12] [INFO] main: testadmin login
[2025-08-13 16:32:12] [INFO] main: testadmin listed all VM
[2025-08-13 16:32:16] [INFO] main: testadmin listed all VM
[2025-08-13 16:32:54] [INFO] main: testadmin login
[2025-08-13 16:32:55] [INFO] main: testadmin listed all VM
[2025-08-13 16:32:58] [INFO] main: testadmin listed all VM
[2025-08-13 16:33:02] [INFO] main: testadmin listed all VM
[2025-08-13 17:20:46] [INFO] main: testadmin login
[2025-08-13 17:20:47] [INFO] main: testadmin listed all VM
[2025-08-13 17:20:57] [INFO] main: testadmin listed all VM
[2025-08-13 17:28:42] [INFO] main: testadmin listed all VM
[2025-08-13 17:28:47] [INFO] main: testadmin listed all VM
[2025-08-13 18:08:21] [INFO] main: testadmin login
[2025-08-13 18:08:21] [INFO] main: testadmin login
[2025-08-13 18:08:21] [INFO] main: testadmin login
[2025-08-13 18:08:21] [INFO] main: testadmin login
[2025-08-13 18:08:21] [INFO] main: testadmin listed all VM
[2025-08-13 18:08:21] [INFO] main: testadmin listed all VM
[2025-08-13 18:08:26] [INFO] main: testadmin listed all VM
[2025-08-13 18:08:26] [INFO] main: testadmin listed all VM
[2025-08-13 18:09:53] [INFO] main: testadmin listed all VM
[2025-08-13 18:10:01] [INFO] main: testadmin listed all VM
[2025-08-13 18:10:51] [INFO] main: testadmin login
[2025-08-13 18:10:51] [INFO] main: testadmin listed all VM
[2025-08-13 22:52:31] [INFO] main: testadmin login
[2025-08-13 23:03:31] [INFO] main: testadmin login
[2025-08-13 23:14:02] [INFO] main: testadmin login
[2025-08-13 23:14:03] [INFO] main: testadmin listed all VM
[2025-08-14 11:12:07] [INFO] main: testadmin listed all VM
[2025-08-14 12:42:15] [INFO] main: testadmin login
[2025-08-14 12:43:18] [INFO] main: testadmin login
[2025-08-14 12:43:46] [INFO] main: testadmin login
[2025-08-14 13:09:24] [INFO] main: testadmin login
[2025-08-14 13:15:49] [INFO] main: testadmin login
[2025-08-19 10:55:03] [INFO] main: testadmin login
[2025-08-19 10:55:23] [INFO] main: testadmin login
[2025-08-19 10:55:45] [INFO] main: testadmin login
[2025-08-19 11:12:44] [INFO] main: testadmin login
[2025-08-19 17:01:02] [INFO] main: testadmin login
[2025-08-19 17:01:03] [INFO] main: testadmin listed all VM
[2025-08-19 17:02:19] [INFO] main: testadmin login
[2025-08-19 17:02:51] [ERROR] main: Entered invalid vm type
[2025-08-19 17:03:45] [INFO] main: testadmin cloned Linux vm named postman-clone
[2025-08-19 17:04:17] [INFO] main: testadmin change state of vm postman-clone to start
[2025-08-19 17:04:25] [INFO] main: testadmin listed all VM
[2025-08-19 17:05:41] [INFO] main: testadmin login
[2025-08-19 17:05:41] [INFO] main: testadmin listed all VM
[2025-08-19 17:09:01] [INFO] main: testadmin login
[2025-08-19 17:09:01] [INFO] main: testadmin listed all VM
[2025-08-19 17:10:05] [INFO] main: testadmin listed all VM
[2025-08-19 17:11:15] [INFO] main: testadmin login
[2025-08-19 17:11:16] [INFO] main: testadmin listed all VM
[2025-08-19 17:12:23] [INFO] main: testadmin listed all VM
[2025-08-19 17:15:18] [INFO] main: testadmin listed all VM
[2025-08-19 17:17:11] [INFO] main: testadmin listed all VM
[2025-08-19 17:17:20] [INFO] main: testadmin listed all VM
[2025-08-19 17:17:24] [INFO] main: testadmin listed all VM
[2025-08-19 17:18:55] [INFO] main: testadmin listed all VM
[2025-08-19 17:21:35] [ERROR] main: testadmin got error: Domain is already active when changing state of vm postman-clone to start
[2025-08-19 17:27:56] [INFO] main: testadmin listed all VM
[2025-08-19 17:27:57] [INFO] main: testadmin listed all VM
[2025-08-19 17:28:18] [INFO] main: testadmin change state of vm win-template to shutdown
[2025-08-19 17:29:13] [INFO] main: testadmin listed all VM
[2025-08-19 17:29:16] [INFO] main: testadmin listed all VM
[2025-08-19 17:29:22] [INFO] main: testadmin change state of vm postman-clone to shutdown
[2025-08-19 17:29:39] [INFO] main: testadmin listed all VM
[2025-08-19 17:29:43] [INFO] main: testadmin change state of vm win-template to reboot
[2025-08-19 17:30:02] [INFO] main: testadmin listed all VM
[2025-08-19 17:30:03] [INFO] main: testadmin listed all VM
[2025-08-19 17:30:04] [INFO] main: testadmin listed all VM
[2025-08-19 17:30:05] [INFO] main: testadmin listed all VM
[2025-08-19 17:30:06] [INFO] main: testadmin listed all VM
[2025-08-19 17:30:07] [INFO] main: testadmin listed all VM
[2025-08-19 17:30:09] [INFO] main: testadmin listed all VM
[2025-08-19 17:30:09] [INFO] main: testadmin listed all VM
[2025-08-19 17:30:10] [INFO] main: testadmin listed all VM
[2025-08-19 17:30:21] [INFO] main: testadmin change state of vm postman-clone to start
[2025-08-19 17:31:51] [INFO] main: testadmin listed all VM
[2025-08-19 17:31:54] [INFO] main: testadmin change state of vm postman-clone to shutdown
[2025-08-19 17:33:23] [ERROR] main: testadmin got error: Failed to shutdown domain 'postman-clone'
error: Requested operation is not valid: domain is not running when changing state of vm postman-clone to shutdown
[2025-08-19 17:33:27] [INFO] main: testadmin listed all VM
[2025-08-19 17:34:26] [INFO] main: testadmin listed all VM
[2025-08-19 17:34:29] [INFO] main: testadmin change state of vm postman-clone to start
[2025-08-19 17:34:30] [INFO] main: testadmin listed all VM
[2025-08-19 17:34:49] [INFO] main: testadmin change state of vm postman-clone to shutdown
[2025-08-19 17:34:50] [INFO] main: testadmin listed all VM
[2025-08-19 17:36:06] [ERROR] main: testadmin got error: Failed to shutdown domain 'postman-clone'
error: Requested operation is not valid: domain is not running when changing state of vm postman-clone to shutdown
[2025-08-19 17:36:07] [INFO] main: testadmin listed all VM
[2025-08-19 17:36:09] [INFO] main: testadmin change state of vm win-template to shutdown
[2025-08-19 17:36:09] [INFO] main: testadmin listed all VM
[2025-08-19 17:36:41] [INFO] main: testadmin listed all VM
[2025-08-19 17:36:45] [INFO] main: testadmin change state of vm postman-clone to start
[2025-08-19 17:36:45] [INFO] main: testadmin listed all VM
[2025-08-19 17:46:00] [INFO] main: testadmin login
[2025-08-19 17:52:01] [INFO] main: testadmin login
[2025-08-19 17:52:01] [INFO] main: testadmin listed all VM
[2025-08-19 17:52:13] [INFO] main: testadmin change state of vm postman-clone to shutdown
[2025-08-19 17:52:14] [INFO] main: testadmin listed all VM
[2025-08-19 17:52:20] [ERROR] main: testadmin got error: Failed to shutdown domain 'postman-clone'
error: Requested operation is not valid: domain is not running when changing state of vm postman-clone to shutdown
[2025-08-19 17:52:21] [INFO] main: testadmin listed all VM
[2025-08-19 17:52:25] [INFO] main: testadmin change state of vm linux-template to start
[2025-08-19 17:52:26] [INFO] main: testadmin listed all VM
[2025-08-19 17:52:28] [INFO] main: testadmin change state of vm linux-template to shutdown
[2025-08-19 17:52:28] [INFO] main: testadmin listed all VM
[2025-08-19 17:53:43] [INFO] main: testadmin change state of vm linux-template to shutdown
[2025-08-19 17:53:44] [INFO] main: testadmin listed all VM
[2025-08-19 17:53:46] [ERROR] main: testadmin got error: Failed to shutdown domain 'linux-template'
error: Requested operation is not valid: domain is not running when changing state of vm linux-template to shutdown
[2025-08-19 17:53:47] [INFO] main: testadmin listed all VM
[2025-08-19 17:54:11] [INFO] main: testadmin listed all VM
[2025-08-19 17:55:07] [INFO] main: testadmin change state of vm linux-template to start
[2025-08-19 17:55:08] [INFO] main: testadmin listed all VM
[2025-08-19 17:55:10] [INFO] main: testadmin listed all VM
[2025-08-19 17:55:11] [INFO] main: testadmin listed all VM
[2025-08-19 17:55:12] [INFO] main: testadmin listed all VM
[2025-08-19 17:55:12] [INFO] main: testadmin listed all VM
[2025-08-19 17:55:13] [INFO] main: testadmin listed all VM
[2025-08-19 17:55:14] [INFO] main: testadmin listed all VM
[2025-08-19 17:56:47] [INFO] main: testadmin listed all VM
[2025-08-19 17:56:51] [INFO] main: testadmin change state of vm linux-template to shutdown
[2025-08-19 17:56:52] [INFO] main: testadmin listed all VM
[2025-08-19 17:56:57] [ERROR] main: testadmin got error: Failed to shutdown domain 'linux-template'
error: Requested operation is not valid: domain is not running when changing state of vm linux-template to shutdown
[2025-08-19 17:56:58] [INFO] main: testadmin listed all VM
[2025-08-19 17:57:14] [INFO] main: testadmin listed all VM
[2025-08-19 17:57:20] [INFO] main: testadmin change state of vm linux-template to start
[2025-08-19 17:58:03] [INFO] main: testadmin listed all VM
[2025-08-19 17:58:09] [INFO] main: testadmin change state of vm linux-template to shutdown
[2025-08-19 17:58:25] [INFO] main: testadmin listed all VM
[2025-08-19 17:58:29] [INFO] main: testadmin change state of vm linux-template to start
[2025-08-19 17:59:01] [INFO] main: testadmin listed all VM
[2025-08-19 17:59:53] [INFO] main: testadmin listed all VM
[2025-08-19 18:04:02] [INFO] main: testadmin listed all VM
[2025-08-19 18:04:06] [INFO] main: testadmin listed all VM
[2025-08-19 18:04:12] [INFO] main: testadmin listed all VM
[2025-08-19 18:04:16] [INFO] main: testadmin listed all VM
[2025-08-19 18:14:28] [INFO] main: testadmin change state of vm linux-template to shutdown
[2025-08-19 18:14:38] [INFO] main: testadmin listed all VM
[2025-08-19 18:14:41] [INFO] main: testadmin change state of vm linux-template to start
[2025-08-19 18:14:49] [INFO] main: testadmin listed all VM
[2025-08-19 18:15:05] [INFO] main: testadmin listed all VM
[2025-08-19 18:15:07] [INFO] main: testadmin change state of vm linux-template to shutdown
[2025-08-19 18:15:07] [INFO] main: testadmin listed all VM
[2025-08-19 18:15:09] [INFO] main: testadmin change state of vm linux-template to shutdown
[2025-08-19 18:15:10] [INFO] main: testadmin listed all VM
[2025-08-19 18:15:12] [INFO] main: testadmin change state of vm linux-template to start
[2025-08-19 18:15:12] [INFO] main: testadmin listed all VM
[2025-08-19 18:15:32] [INFO] main: testadmin change state of vm linux-template to shutdown
[2025-08-19 18:15:33] [INFO] main: testadmin listed all VM
[2025-08-19 18:15:58] [INFO] main: testadmin listed all VM
[2025-08-19 18:16:07] [INFO] main: testadmin change state of vm postman-clone to start
[2025-08-19 18:16:07] [INFO] main: testadmin listed all VM
[2025-08-19 18:23:18] [INFO] main: testadmin listed all VM
[2025-08-20 09:48:29] [INFO] main: testadmin login
[2025-08-20 09:48:29] [INFO] main: testadmin listed all VM
[2025-08-20 09:48:35] [INFO] main: testadmin change state of vm postman-clone to shutdown
[2025-08-20 09:48:35] [INFO] main: testadmin listed all VM
[2025-08-20 09:48:42] [INFO] main: testadmin listed all VM
[2025-08-20 09:48:44] [INFO] main: testadmin listed all VM
[2025-08-20 09:48:45] [INFO] main: testadmin listed all VM
[2025-08-20 09:48:46] [INFO] main: testadmin listed all VM
[2025-08-20 09:48:53] [INFO] main: testadmin change state of vm postman-clone to start
[2025-08-20 09:48:53] [INFO] main: testadmin listed all VM
[2025-08-20 09:50:52] [INFO] main: testadmin listed all VM
[2025-08-20 09:50:57] [INFO] main: testadmin change state of vm postman-clone to reboot
[2025-08-20 09:50:58] [INFO] main: testadmin listed all VM
[2025-08-20 09:51:00] [INFO] main: testadmin listed all VM
[2025-08-20 09:51:01] [INFO] main: testadmin listed all VM
[2025-08-20 09:51:18] [INFO] main: testadmin change state of vm postman-clone to shutdown
[2025-08-20 09:51:19] [INFO] main: testadmin listed all VM
[2025-08-20 09:51:33] [INFO] main: testadmin listed all VM
[2025-08-20 09:51:37] [INFO] main: testadmin change state of vm postman-clone to start
[2025-08-20 09:51:38] [INFO] main: testadmin listed all VM
[2025-08-20 09:51:50] [INFO] main: testadmin listed all VM
[2025-08-20 09:55:08] [INFO] main: testadmin login
[2025-08-20 09:55:08] [INFO] main: testadmin listed all VM
[2025-08-20 09:55:09] [INFO] main: testadmin listed all VM
[2025-08-20 09:55:09] [INFO] main: testadmin listed all VM
[2025-08-20 09:55:10] [INFO] main: testadmin listed all VM
[2025-08-20 09:55:10] [INFO] main: testadmin listed all VM
[2025-08-20 09:55:10] [INFO] main: testadmin listed all VM
[2025-08-20 09:55:11] [INFO] main: testadmin listed all VM
[2025-08-20 09:55:11] [INFO] main: testadmin listed all VM
[2025-08-20 09:55:12] [INFO] main: testadmin listed all VM
[2025-08-20 09:55:12] [INFO] main: testadmin listed all VM
[2025-08-20 09:55:12] [INFO] main: testadmin listed all VM
[2025-08-20 09:55:13] [INFO] main: testadmin listed all VM
[2025-08-20 09:55:13] [INFO] main: testadmin listed all VM
[2025-08-20 09:55:14] [INFO] main: testadmin listed all VM
[2025-08-20 09:55:14] [INFO] main: testadmin listed all VM
[2025-08-20 09:55:14] [INFO] main: testadmin listed all VM
[2025-08-20 09:55:15] [INFO] main: testadmin listed all VM
[2025-08-20 09:55:15] [INFO] main: testadmin listed all VM
[2025-08-20 09:55:16] [INFO] main: testadmin listed all VM
[2025-08-20 09:55:16] [INFO] main: testadmin listed all VM
[2025-08-20 09:55:17] [INFO] main: testadmin listed all VM
[2025-08-20 09:55:17] [INFO] main: testadmin listed all VM
[2025-08-20 09:55:17] [INFO] main: testadmin listed all VM
[2025-08-20 09:55:18] [INFO] main: testadmin listed all VM
[2025-08-20 09:55:18] [INFO] main: testadmin listed all VM
[2025-08-20 09:55:19] [INFO] main: testadmin listed all VM
[2025-08-20 09:55:19] [INFO] main: testadmin listed all VM
[2025-08-20 09:55:19] [INFO] main: testadmin listed all VM
[2025-08-20 09:55:20] [INFO] main: testadmin listed all VM
[2025-08-20 09:55:20] [INFO] main: testadmin listed all VM
[2025-08-20 09:55:21] [INFO] main: testadmin listed all VM
[2025-08-20 09:55:21] [INFO] main: testadmin listed all VM
[2025-08-20 09:55:21] [INFO] main: testadmin listed all VM
[2025-08-20 09:55:22] [INFO] main: testadmin listed all VM
[2025-08-20 09:55:22] [INFO] main: testadmin listed all VM
[2025-08-20 09:55:23] [INFO] main: testadmin listed all VM
[2025-08-20 09:55:23] [INFO] main: testadmin listed all VM
[2025-08-20 09:55:24] [INFO] main: testadmin listed all VM
[2025-08-20 09:55:24] [INFO] main: testadmin listed all VM
[2025-08-20 09:55:24] [INFO] main: testadmin listed all VM
[2025-08-20 09:55:25] [INFO] main: testadmin listed all VM
[2025-08-20 10:01:05] [INFO] main: testadmin login
[2025-08-20 10:01:06] [INFO] main: testadmin listed all VM
[2025-08-20 10:01:12] [INFO] main: testadmin listed all VM
[2025-08-20 10:01:20] [INFO] main: testadmin listed all VM
[2025-08-20 10:02:54] [INFO] main: testadmin login
[2025-08-20 10:02:54] [INFO] main: testadmin listed all VM
[2025-08-20 10:03:07] [INFO] main: testadmin listed all VM
[2025-08-20 10:03:29] [INFO] main: testadmin listed all VM
[2025-08-20 10:03:34] [INFO] main: testadmin listed all VM
[2025-08-20 10:09:15] [INFO] main: testadmin login
[2025-08-20 10:09:15] [INFO] main: testadmin listed all VM
[2025-08-20 10:09:22] [INFO] main: testadmin listed all VM
[2025-08-20 10:09:37] [INFO] main: testadmin listed all VM
[2025-08-20 10:09:43] [INFO] main: testadmin listed all VM
[2025-08-20 10:09:46] [INFO] main: testadmin listed all VM
[2025-08-20 10:09:50] [INFO] main: testadmin listed all VM
[2025-08-20 10:09:55] [INFO] main: testadmin listed all VM
[2025-08-20 10:09:59] [INFO] main: testadmin listed all VM
[2025-08-20 10:14:52] [INFO] main: testadmin login
[2025-08-20 10:14:52] [INFO] main: testadmin listed all VM
[2025-08-20 14:37:01] [INFO] main: testadmin login
[2025-08-20 14:40:32] [INFO] main: testadmin login
[2025-08-20 14:52:24] [INFO] main: testadmin login
[2025-08-20 14:53:00] [INFO] main: testadmin listed all VM
[2025-08-20 14:53:53] [INFO] main: testadmin login
[2025-08-20 14:53:54] [INFO] main: testadmin listed all VM
[2025-08-20 14:56:02] [INFO] main: testadmin login
[2025-08-20 14:56:02] [INFO] main: testadmin listed all VM
[2025-08-20 14:56:23] [INFO] main: testadmin change state of vm linux-template to start
[2025-08-20 14:56:24] [INFO] main: testadmin listed all VM
[2025-08-20 14:57:04] [INFO] main: testadmin change state of vm win-template to start
[2025-08-20 14:57:04] [INFO] main: testadmin listed all VM
[2025-08-20 14:57:29] [INFO] main: testadmin change state of vm linux-template to shutdown
[2025-08-20 14:57:30] [INFO] main: testadmin listed all VM
[2025-08-20 14:57:47] [INFO] main: testadmin change state of vm postman-clone to shutdown
[2025-08-20 14:57:47] [INFO] main: testadmin listed all VM
[2025-08-20 14:58:31] [INFO] main: testadmin listed all VM
[2025-08-20 14:59:20] [ERROR] main: testadmin got error: Failed to shutdown domain 'linux-template'
error: Requested operation is not valid: domain is not running when changing state of vm linux-template to shutdown
[2025-08-20 14:59:20] [INFO] main: testadmin listed all VM
[2025-08-20 15:01:24] [INFO] main: testadmin login
[2025-08-20 15:01:24] [INFO] main: testadmin listed all VM
[2025-08-20 15:01:31] [INFO] main: testadmin listed all VM
[2025-08-20 15:27:52] [INFO] main: testadmin login
[2025-08-20 15:27:52] [INFO] main: testadmin listed all VM
[2025-08-20 15:28:20] [INFO] main: testadmin change state of vm linux-template to start
[2025-08-20 15:28:21] [INFO] main: testadmin listed all VM
[2025-08-20 15:28:23] [INFO] main: testadmin change state of vm postman-clone to start
[2025-08-20 15:28:23] [INFO] main: testadmin listed all VM
[2025-08-20 15:28:35] [INFO] main: testadmin change state of vm linux-template to reboot
[2025-08-20 15:28:35] [INFO] main: testadmin listed all VM
[2025-08-20 15:28:37] [INFO] main: testadmin change state of vm postman-clone to reboot
[2025-08-20 15:28:38] [INFO] main: testadmin listed all VM
[2025-08-20 15:28:45] [INFO] main: testadmin change state of vm linux-template to shutdown
[2025-08-20 15:28:46] [INFO] main: testadmin listed all VM
[2025-08-20 15:28:47] [INFO] main: testadmin change state of vm postman-clone to shutdown
[2025-08-20 15:28:48] [INFO] main: testadmin listed all VM
[2025-08-20 15:28:55] [ERROR] main: testadmin got error: Domain is already active when changing state of vm linux-template to start
[2025-08-20 15:28:55] [INFO] main: testadmin listed all VM
[2025-08-20 15:28:57] [ERROR] main: testadmin got error: Domain is already active when changing state of vm postman-clone to start
[2025-08-20 15:28:57] [INFO] main: testadmin listed all VM
[2025-08-20 15:29:17] [INFO] main: testadmin listed all VM
[2025-08-20 15:29:23] [INFO] main: testadmin change state of vm linux-template to shutdown
[2025-08-20 15:29:24] [INFO] main: testadmin listed all VM
[2025-08-20 15:29:30] [INFO] main: testadmin listed all VM
[2025-08-20 15:30:10] [INFO] main: testadmin change state of vm postman-clone to shutdown
[2025-08-20 15:30:10] [INFO] main: testadmin listed all VM
[2025-08-20 15:30:13] [INFO] main: testadmin listed all VM
[2025-08-20 15:30:20] [INFO] main: testadmin change state of vm postman-clone to start
[2025-08-20 15:30:21] [INFO] main: testadmin listed all VM
[2025-08-20 15:31:37] [INFO] main: testadmin listed all VM
[2025-08-20 15:32:03] [INFO] main: testadmin listed all VM
[2025-08-20 15:37:12] [INFO] main: testuser login
[2025-08-20 15:37:12] [INFO] main: testuser listed all VM
[2025-08-20 15:37:30] [INFO] main: testuser change state of vm postman-clone to shutdown
[2025-08-20 15:37:30] [INFO] main: testuser listed all VM
[2025-08-20 15:37:33] [INFO] main: testuser listed all VM
[2025-08-20 15:42:42] [INFO] main: testuser change state of vm linux-template to start
[2025-08-20 15:42:43] [INFO] main: testuser listed all VM
[2025-08-20 15:42:50] [INFO] main: testuser change state of vm postman-clone to start
[2025-08-20 15:42:50] [INFO] main: testuser listed all VM
[2025-08-20 15:42:55] [INFO] main: testuser change state of vm linux-template to shutdown
[2025-08-20 15:42:56] [INFO] main: testuser listed all VM
[2025-08-20 15:42:58] [INFO] main: testuser change state of vm postman-clone to shutdown
[2025-08-20 15:42:58] [INFO] main: testuser listed all VM
[2025-08-20 15:43:04] [INFO] main: testuser listed all VM
[2025-08-20 15:43:08] [INFO] main: testuser listed all VM
[2025-08-20 15:43:09] [INFO] main: testuser listed all VM
[2025-08-20 15:43:11] [INFO] main: testuser listed all VM
[2025-08-20 15:43:12] [INFO] main: testuser listed all VM
[2025-08-20 15:43:13] [INFO] main: testuser listed all VM
[2025-08-20 15:43:15] [INFO] main: testuser change state of vm postman-clone to shutdown
[2025-08-20 15:43:15] [INFO] main: testuser listed all VM
[2025-08-20 15:43:26] [INFO] main: testuser listed all VM
[2025-08-20 15:43:28] [INFO] main: testuser listed all VM
[2025-08-20 15:43:31] [INFO] main: testuser change state of vm linux-template to start
[2025-08-20 15:43:31] [INFO] main: testuser listed all VM
[2025-08-20 15:43:33] [INFO] main: testuser change state of vm postman-clone to start
[2025-08-20 15:43:33] [INFO] main: testuser listed all VM
[2025-08-20 15:43:35] [INFO] main: testuser listed all VM
[2025-08-20 15:43:44] [INFO] main: testuser change state of vm linux-template to shutdown
[2025-08-20 15:43:44] [INFO] main: testuser listed all VM
[2025-08-20 15:43:52] [INFO] main: testuser change state of vm postman-clone to shutdown
[2025-08-20 15:43:53] [INFO] main: testuser listed all VM
[2025-08-20 15:44:00] [INFO] main: testuser listed all VM
[2025-08-20 15:52:55] [INFO] main: testuser listed all VM
[2025-08-20 15:54:03] [INFO] main: testuser listed all VM
[2025-08-20 16:02:42] [INFO] main: testuser listed all VM
[2025-08-20 16:24:45] [INFO] main: testuser listed all VM
[2025-08-20 16:24:49] [INFO] main: testuser listed all VM
[2025-08-20 16:24:55] [INFO] main: testuser listed all VM
[2025-08-20 16:35:09] [INFO] main: testuser listed all VM
[2025-08-20 17:43:43] [INFO] main: testuser listed all VM
[2025-08-21 15:01:17] [ERROR] main: testadmin entered wrong password
[2025-08-21 15:01:29] [INFO] main: testadmin login
[2025-08-21 15:19:02] [INFO] main: testadmin login
[2025-08-21 15:20:10] [INFO] main: testadmin listed all VM
[2025-08-21 17:14:06] [ERROR] main: testadmin got Could not process parameters: str(admin), it must be of type list, tuple or dict when creating creating for apiuser
[2025-08-21 17:16:11] [ERROR] main: testadmin got Unread result found when creating creating for apiuser
[2025-08-21 17:17:22] [ERROR] main: testadmin got Unread result found when creating creating for apiuser
[2025-08-21 17:20:00] [ERROR] main: testadmin got 'NoneType' object is not subscriptable when creating creating for apiuser
[2025-08-21 17:21:23] [ERROR] main: testadmin got 'NoneType' object is not subscriptable when creating creating for apiuser
[2025-08-21 17:22:10] [ERROR] main: testadmin got 'NoneType' object is not subscriptable when creating creating for apiuser
[2025-08-21 17:26:32] [INFO] main: testadmin login
[2025-08-21 17:26:35] [ERROR] main: testadmin got 1452 (23000): Cannot add or update a child row: a foreign key constraint fails (`kvmserver`.`users`, CONSTRAINT `users_ibfk_1` FOREIGN KEY (`role_id`) REFERENCES `roles` (`id`)) when creating for apiuser
[2025-08-21 17:27:35] [INFO] main: testadmin created Account for apiuser
[2025-08-21 17:27:42] [ERROR] main: testadmin got 1062 (23000): Duplicate entry 'apiuser' for key 'users.username' when creating for apiuser
[2025-08-21 17:28:41] [INFO] main: testadmin created Account for apiadmin
[2025-08-21 17:28:49] [ERROR] main: testadmin got 1062 (23000): Duplicate entry 'apiadmin' for key 'users.username' when creating for apiadmin
[2025-08-21 17:31:33] [INFO] main: testadmin created Account for apiadmin
[2025-08-21 17:39:08] [ERROR] main: testadmin got ERROR    Validating install media '/var/lib/libvirt/iso/iso-share/CentOS-Stream-9-latest-x86_64-dvd1.iso' failed: Could not start storage pool: cannot open directory '/var/lib/libvirt/iso/iso-share': No such file or directory when creating Linux vm named postman-new2
[2025-08-21 17:39:52] [INFO] main: testadmin created Linux vm named postman-new2
[2025-08-21 17:40:03] [ERROR] main: testadmin got ERROR    Disk /home/postman-new2.qcow2 is already in use by other guests ['postman-new2']. (Use --check path_in_use=off or --check all=off to override) when creating Windows vm named postman-new2
[2025-08-21 17:40:14] [INFO] main: testadmin created Windows vm named postman-new3
[2025-08-21 17:41:17] [INFO] main: testadmin cloned Linux vm named postman-clone2
[2025-08-21 17:44:03] [INFO] main: testadmin cloned Windows vm named postman-clone3
[2025-08-21 17:44:31] [INFO] main: testadmin listed all VM
[2025-08-21 17:44:53] [INFO] main: testadmin change state of vm postman-clone to start
[2025-08-21 17:44:58] [ERROR] main: testadmin got error: Domain is already active when changing state of vm postman-clone to start
[2025-08-21 17:45:11] [INFO] main: testadmin login
[2025-08-21 17:45:15] [INFO] main: testadmin listed all VM
[2025-08-21 17:47:05] [INFO] main: apiuser login
[2025-08-21 17:47:06] [INFO] main: apiuser listed all VM
[2025-08-21 17:47:15] [INFO] main: apiuser change state of vm postman-clone to shutdown
[2025-08-21 17:47:15] [INFO] main: apiuser listed all VM
[2025-08-21 17:47:19] [INFO] main: apiuser listed all VM
[2025-08-21 17:47:22] [INFO] main: apiuser change state of vm postman-new3 to shutdown
[2025-08-21 17:47:23] [INFO] main: apiuser listed all VM
[2025-08-21 17:47:25] [INFO] main: apiuser change state of vm postman-new2 to shutdown
[2025-08-21 17:47:25] [INFO] main: apiuser listed all VM
[2025-08-21 17:49:17] [ERROR] main: apiuser got error: Failed to reboot domain 'postman-new2'
error: Requested operation is not valid: domain is not running when changing state of vm postman-new2 to reboot
[2025-08-21 17:49:17] [INFO] main: apiuser listed all VM
[2025-08-21 17:49:24] [INFO] main: apiuser change state of vm postman-new3 to shutdown
[2025-08-21 17:49:25] [INFO] main: apiuser listed all VM
[2025-08-21 17:49:28] [INFO] main: apiuser listed all VM
[2025-08-21 17:49:30] [INFO] main: apiuser listed all VM
[2025-08-21 17:49:31] [INFO] main: apiuser listed all VM
[2025-08-21 17:49:34] [INFO] main: apiuser listed all VM
[2025-08-21 17:49:35] [INFO] main: apiuser listed all VM
[2025-08-21 17:49:36] [INFO] main: apiuser listed all VM
[2025-08-21 17:49:37] [INFO] main: apiuser listed all VM
[2025-08-21 17:49:38] [INFO] main: apiuser listed all VM
[2025-08-21 17:53:34] [INFO] main: testadmin created Windows vm named postman-new4
[2025-08-21 17:56:51] [INFO] main: testadmin created Windows vm named postman-new4
[2025-08-21 17:57:33] [INFO] main: testadmin created Linux vm named postman-new5
[2025-08-21 17:59:28] [INFO] main: apiuser listed all VM
[2025-08-21 17:59:35] [INFO] main: apiuser change state of vm linux-template to start
[2025-08-21 17:59:36] [INFO] main: apiuser listed all VM
[2025-08-21 17:59:38] [INFO] main: apiuser change state of vm postman-clone to start
[2025-08-21 17:59:38] [INFO] main: apiuser listed all VM
[2025-08-21 17:59:41] [INFO] main: apiuser change state of vm postman-clone2 to start
[2025-08-21 17:59:41] [INFO] main: apiuser listed all VM
[2025-08-21 17:59:43] [INFO] main: apiuser change state of vm postman-clone3 to start
[2025-08-21 17:59:43] [INFO] main: apiuser listed all VM
[2025-08-21 17:59:47] [INFO] main: apiuser change state of vm postman-new2 to start
[2025-08-21 17:59:47] [INFO] main: apiuser listed all VM
[2025-08-21 17:59:50] [INFO] main: apiuser change state of vm postman-new3 to start
[2025-08-21 17:59:51] [INFO] main: apiuser listed all VM
[2025-08-21 17:59:54] [INFO] main: apiuser change state of vm postman-new4 to start
[2025-08-21 17:59:54] [INFO] main: apiuser listed all VM
[2025-08-21 17:59:57] [INFO] main: apiuser change state of vm postman-new5 to start
[2025-08-21 17:59:58] [INFO] main: apiuser listed all VM
[2025-08-21 18:00:00] [INFO] main: apiuser change state of vm win-template to start
[2025-08-21 18:00:01] [INFO] main: apiuser listed all VM
[2025-08-21 18:00:04] [INFO] main: apiuser change state of vm win-template-test to start
[2025-08-21 18:00:04] [INFO] main: apiuser listed all VM
[2025-08-21 18:00:08] [INFO] main: apiuser change state of vm linux-template to shutdown
[2025-08-21 18:00:08] [INFO] main: apiuser listed all VM
[2025-08-21 18:00:13] [INFO] main: apiuser change state of vm postman-clone to shutdown
[2025-08-21 18:00:13] [INFO] main: apiuser listed all VM
[2025-08-21 18:00:19] [INFO] main: apiuser listed all VM
[2025-08-21 18:00:56] [INFO] main: apiadmin login
[2025-08-21 18:00:57] [INFO] main: apiadmin listed all VM
[2025-08-21 18:01:13] [INFO] main: apiadmin change state of vm win-template-test to shutdown
[2025-08-21 18:01:14] [INFO] main: apiadmin listed all VM
[2025-08-21 18:01:21] [INFO] main: apiadmin change state of vm win-template to shutdown
[2025-08-21 18:01:22] [INFO] main: apiadmin listed all VM
[2025-08-21 18:01:26] [INFO] main: apiadmin change state of vm postman-new5 to shutdown
[2025-08-21 18:01:27] [INFO] main: apiadmin listed all VM
[2025-08-21 18:01:28] [INFO] main: apiadmin change state of vm postman-new3 to shutdown
[2025-08-21 18:01:29] [INFO] main: apiadmin listed all VM
[2025-08-21 18:01:30] [INFO] main: apiadmin change state of vm postman-new2 to shutdown
[2025-08-21 18:01:31] [INFO] main: apiadmin listed all VM
[2025-08-21 18:01:32] [INFO] main: apiadmin change state of vm postman-clone3 to shutdown
[2025-08-21 18:01:33] [INFO] main: apiadmin listed all VM
[2025-08-21 18:01:35] [INFO] main: apiadmin change state of vm postman-clone2 to shutdown
[2025-08-21 18:01:35] [INFO] main: apiadmin listed all VM
[2025-08-21 18:02:27] [INFO] main: apiadmin listed all VM
[2025-08-21 18:02:44] [INFO] main: apiadmin change state of vm win-template-test to shutdown
[2025-08-21 18:02:45] [INFO] main: apiadmin listed all VM
[2025-08-21 18:02:46] [INFO] main: apiadmin change state of vm postman-new5 to shutdown
[2025-08-21 18:02:46] [INFO] main: apiadmin listed all VM
[2025-08-21 18:02:47] [INFO] main: apiadmin change state of vm postman-new4 to shutdown
[2025-08-21 18:02:48] [INFO] main: apiadmin listed all VM
[2025-08-21 18:02:49] [INFO] main: apiadmin change state of vm postman-new3 to shutdown
[2025-08-21 18:02:50] [INFO] main: apiadmin listed all VM
[2025-08-21 18:02:51] [INFO] main: apiadmin change state of vm postman-new2 to shutdown
[2025-08-21 18:02:52] [INFO] main: apiadmin listed all VM
[2025-08-21 18:05:15] [INFO] main: apiadmin listed all VM
[2025-08-22 14:14:18] [ERROR] main: testadmin entered wrong password
[2025-08-22 14:14:24] [ERROR] main: testadmin entered wrong password
[2025-08-22 14:15:00] [INFO] main: testadmin login
[2025-08-22 14:15:01] [INFO] main: testadmin listed all VM
[2025-08-22 14:20:32] [ERROR] main: testadmin entered wrong password
[2025-08-22 14:20:35] [ERROR] main: testadmin entered wrong password
[2025-08-22 14:33:58] [ERROR] main: Entered wrong password
[2025-08-22 14:35:16] [ERROR] main: Entered wrong password
[2025-08-22 14:36:38] [ERROR] main: Entered wrong password
[2025-08-22 14:36:51] [ERROR] main: Entered wrong password
[2025-08-22 14:38:04] [ERROR] main: Entered wrong password
[2025-08-22 14:43:17] [ERROR] main: Entered wrong password
[2025-08-22 14:45:20] [ERROR] main: Entered wrong password
[2025-08-25 09:47:57] [INFO] main: testadmin login
[2025-08-25 09:47:58] [INFO] main: testadmin listed all VM
[2025-08-25 09:48:22] [ERROR] main: Entered wrong password
[2025-08-25 09:48:24] [ERROR] main: Entered wrong password
[2025-08-25 09:48:26] [INFO] main: testuser login
[2025-08-25 09:48:26] [INFO] main: testuser listed all VM
[2025-08-25 09:48:42] [INFO] main: apiuser login
[2025-08-25 09:48:42] [INFO] main: apiuser listed all VM
[2025-08-25 09:49:07] [INFO] main: apiadmin login
[2025-08-25 09:49:07] [INFO] main: apiadmin listed all VM
[2025-08-25 15:07:59] [ERROR] main: Entered wrong password
[2025-08-25 15:08:31] [ERROR] main: Entered wrong password
[2025-08-25 15:08:33] [ERROR] main: Entered wrong password
[2025-08-25 15:08:35] [ERROR] main: Entered wrong password
[2025-08-25 15:08:40] [ERROR] main: Entered wrong password
[2025-08-25 15:08:42] [ERROR] main: Entered wrong password
[2025-08-25 15:08:47] [ERROR] main: Entered wrong password
[2025-08-25 15:08:56] [ERROR] main: Entered wrong password
[2025-08-25 15:09:17] [INFO] main: testadmin login
[2025-08-25 15:09:17] [INFO] main: testadmin listed all VM
[2025-08-26 10:32:28] [INFO] main: testadmin login
[2025-08-26 10:32:29] [INFO] main: testadmin listed all VM
[2025-08-26 10:33:39] [INFO] main: testadmin listed all VM
[2025-08-26 10:37:40] [INFO] main: testadmin listed all VM
[2025-08-26 10:38:04] [ERROR] main: Entered wrong password
[2025-08-26 10:38:39] [INFO] main: testadmin login
[2025-08-26 10:38:39] [INFO] main: testadmin listed all VM
[2025-08-26 11:31:20] [ERROR] main: Entered wrong password
[2025-08-26 11:31:34] [INFO] main: testadmin login
[2025-08-26 11:31:34] [INFO] main: testadmin listed all VM
[2025-08-26 11:41:22] [INFO] main: testadmin login
[2025-08-26 11:41:22] [INFO] main: testadmin listed all VM
[2025-08-26 11:58:46] [INFO] main: testadmin login
[2025-08-26 11:58:46] [INFO] main: testadmin listed all VM
[2025-08-26 12:04:37] [INFO] main: testadmin login
[2025-08-26 12:04:37] [INFO] main: testadmin listed all VM
[2025-08-26 12:19:15] [INFO] main: testadmin login
[2025-08-26 12:20:25] [ERROR] main: Entered wrong password
[2025-08-26 12:20:40] [INFO] main: testadmin login
[2025-08-26 12:21:13] [INFO] main: testadmin listed all VM
[2025-08-26 12:22:32] [INFO] main: testadmin listed all VM
[2025-08-26 12:22:38] [INFO] main: testadmin listed all VM
[2025-08-26 12:22:42] [INFO] main: testadmin listed all VM
[2025-08-26 12:22:45] [INFO] main: testadmin listed all VM
[2025-08-26 12:35:24] [INFO] main: testadmin listed all VM
[2025-08-26 12:36:08] [INFO] main: testadmin listed all VM
[2025-08-26 12:40:33] [INFO] main: testadmin change state of vm linux-template to start
[2025-08-26 12:40:34] [INFO] main: testadmin listed all VM
[2025-08-26 12:46:51] [INFO] main: testadmin change state of vm linux-template to shutdown
[2025-08-26 12:46:52] [INFO] main: testadmin listed all VM
[2025-08-26 12:46:56] [INFO] main: testadmin listed all VM
[2025-08-26 12:48:31] [INFO] main: testadmin listed all VM
[2025-08-26 12:48:34] [INFO] main: testadmin change state of vm linux-template to start
[2025-08-26 12:48:35] [INFO] main: testadmin listed all VM
[2025-08-26 12:48:36] [INFO] main: testadmin change state of vm linux-template to shutdown
[2025-08-26 12:48:37] [INFO] main: testadmin listed all VM
[2025-08-26 12:48:43] [INFO] main: testadmin listed all VM
[2025-08-26 12:49:45] [INFO] main: testadmin listed all VM
[2025-08-26 12:49:51] [INFO] main: testadmin change state of vm linux-template to shutdown
[2025-08-26 12:49:52] [INFO] main: testadmin listed all VM
[2025-08-26 12:49:58] [INFO] main: testadmin listed all VM
[2025-08-26 12:51:18] [INFO] main: testadmin listed all VM
[2025-08-26 12:51:52] [INFO] main: testadmin listed all VM
[2025-08-26 12:53:20] [INFO] main: testadmin listed all VM
[2025-08-26 12:53:46] [INFO] main: testadmin listed all VM
[2025-08-26 12:54:14] [INFO] main: testadmin listed all VM
[2025-08-26 12:54:33] [INFO] main: testadmin listed all VM
[2025-08-26 12:54:35] [ERROR] main: testadmin got error: Failed to reboot domain 'linux-template'
error: Requested operation is not valid: domain is not running when changing state of vm linux-template to reboot
[2025-08-26 12:54:36] [INFO] main: testadmin listed all VM
[2025-08-26 12:59:20] [INFO] main: testadmin listed all VM
[2025-08-26 13:04:52] [INFO] main: testadmin listed all VM
[2025-08-26 13:05:57] [INFO] main: testadmin listed all VM
[2025-08-26 13:06:01] [INFO] main: testadmin change state of vm linux-template to start
[2025-08-26 13:06:02] [INFO] main: testadmin listed all VM
[2025-08-26 13:06:18] [INFO] main: testadmin change state of vm linux-template to shutdown
[2025-08-26 13:06:18] [INFO] main: testadmin listed all VM
[2025-08-26 13:06:21] [INFO] main: testadmin listed all VM
[2025-08-26 13:10:08] [INFO] main: testadmin listed all VM
[2025-08-26 13:10:14] [INFO] main: testadmin listed all VM
[2025-08-26 13:10:19] [INFO] main: testadmin listed all VM
[2025-08-26 13:21:14] [INFO] main: testadmin listed all VM
[2025-08-26 13:22:44] [INFO] main: testadmin login
[2025-08-26 13:22:45] [INFO] main: testadmin listed all VM
[2025-08-26 13:23:16] [INFO] main: testadmin listed all VM
[2025-08-26 13:28:04] [INFO] main: testadmin listed all VM
[2025-08-26 13:29:28] [INFO] main: testadmin listed all VM
[2025-08-26 13:32:42] [INFO] main: testadmin listed all VM
[2025-08-26 13:32:45] [INFO] main: testadmin listed all VM
[2025-08-26 13:32:50] [INFO] main: testadmin listed all VM
[2025-08-26 13:34:59] [INFO] main: testadmin listed all VM
[2025-08-26 13:35:03] [INFO] main: testadmin listed all VM
[2025-08-26 14:36:44] [ERROR] main: Entered wrong password
[2025-08-26 16:04:38] [INFO] main: testuser login
[2025-08-26 16:04:38] [INFO] main: testuser listed all VM
[2025-08-26 16:06:50] [INFO] main: testuser listed all VM
[2025-08-26 16:06:51] [INFO] main: testuser listed all VM
[2025-08-26 16:09:36] [INFO] main: testuser listed all VM
[2025-08-26 16:09:59] [INFO] main: testuser listed all VM
[2025-08-26 16:10:41] [INFO] main: testuser listed all VM
[2025-08-26 16:11:06] [INFO] main: testuser listed all VM
[2025-08-26 16:11:28] [INFO] main: testuser listed all VM
[2025-08-26 16:11:30] [INFO] main: testuser listed all VM
[2025-08-26 16:14:29] [INFO] main: testuser listed all VM
[2025-08-26 16:15:16] [INFO] main: testuser listed all VM
[2025-08-26 16:16:04] [ERROR] main: Entered wrong password
[2025-08-26 16:16:10] [INFO] main: testadmin login
[2025-08-26 16:16:10] [INFO] main: testadmin listed all VM
[2025-08-26 16:16:26] [INFO] main: testuser login
[2025-08-26 16:16:27] [INFO] main: testuser listed all VM
[2025-08-26 16:44:11] [INFO] main: testuser change state of vm linux-template to start
[2025-08-26 16:44:12] [INFO] main: testuser listed all VM
[2025-08-26 16:44:17] [INFO] main: testuser change state of vm linux-template to shutdown
[2025-08-26 16:44:18] [INFO] main: testuser listed all VM
[2025-08-26 16:44:23] [INFO] main: testuser listed all VM
[2025-08-26 16:44:45] [INFO] main: testuser listed all VM
[2025-08-26 16:45:23] [INFO] main: testuser listed all VM
[2025-08-26 16:45:58] [INFO] main: testuser change state of vm linux-template to shutdown
[2025-08-26 16:45:58] [INFO] main: testuser listed all VM
[2025-08-26 16:46:08] [INFO] main: testuser listed all VM
[2025-08-26 16:46:17] [INFO] main: testuser change state of vm linux-template to start
[2025-08-26 16:46:17] [INFO] main: testuser listed all VM
[2025-08-26 16:46:25] [INFO] main: testuser change state of vm linux-template to shutdown
[2025-08-26 16:46:25] [INFO] main: testuser listed all VM
[2025-08-26 16:46:43] [INFO] main: testuser change state of vm linux-template to shutdown
[2025-08-26 16:46:43] [INFO] main: testuser listed all VM
[2025-08-26 16:46:52] [INFO] main: testuser listed all VM
[2025-08-26 16:46:54] [INFO] main: testuser change state of vm linux-template to start
[2025-08-26 16:46:55] [INFO] main: testuser listed all VM
[2025-08-26 16:47:25] [INFO] main: testuser change state of vm linux-template to shutdown
[2025-08-26 16:47:26] [INFO] main: testuser listed all VM
[2025-08-26 16:47:31] [INFO] main: testuser listed all VM
[2025-08-26 16:52:43] [INFO] main: testadmin login
[2025-08-26 16:54:17] [INFO] main: testadmin listed all VM
[2025-08-26 16:54:48] [INFO] main: testadmin login
[2025-08-26 16:54:48] [INFO] main: testadmin listed all VM
[2025-08-26 16:56:32] [INFO] main: testadmin login
[2025-08-26 16:56:33] [INFO] main: testadmin listed all VM
[2025-08-26 16:56:59] [INFO] main: testadmin login
[2025-08-26 16:56:59] [INFO] main: testadmin listed all VM
[2025-08-26 16:58:05] [INFO] main: testuser login
[2025-08-26 16:58:05] [INFO] main: testuser listed all VM
[2025-08-26 16:58:37] [INFO] main: testuser listed all VM
[2025-08-26 17:01:01] [INFO] main: testuser login
[2025-08-26 17:01:02] [INFO] main: testuser listed all VM
[2025-08-26 17:03:22] [INFO] main: testadmin login
[2025-08-26 17:03:22] [INFO] main: testadmin listed all VM
[2025-08-26 17:03:52] [INFO] main: testadmin listed all VM
[2025-08-26 18:13:10] [INFO] main: testadmin login
[2025-08-26 18:13:10] [INFO] main: testadmin listed all VM
[2025-08-27 09:33:07] [INFO] main: testadmin login
[2025-08-27 09:33:07] [INFO] main: testadmin listed all VM
[2025-08-27 09:33:30] [INFO] main: testadmin listed all VM
[2025-08-27 09:51:15] [INFO] main: testadmin login
[2025-08-27 09:51:16] [INFO] main: testadmin listed all VM
[2025-08-27 09:57:04] [INFO] main: testadmin listed all VM
[2025-08-27 09:57:29] [INFO] main: testadmin listed all VM
[2025-08-27 09:58:59] [INFO] main: testadmin listed all VM
[2025-08-27 10:03:03] [INFO] main: testadmin listed all VM
[2025-08-27 10:03:19] [INFO] main: testadmin listed all VM
[2025-08-27 10:03:31] [INFO] main: testadmin listed all VM
[2025-08-27 10:05:19] [INFO] main: testadmin listed all VM
[2025-08-27 10:05:28] [INFO] main: testadmin change state of vm linux-template to start
[2025-08-27 10:05:29] [INFO] main: testadmin listed all VM
[2025-08-27 10:05:44] [INFO] main: testadmin change state of vm linux-template to shutdown
[2025-08-27 10:05:45] [INFO] main: testadmin listed all VM
[2025-08-27 10:05:56] [INFO] main: testadmin listed all VM
[2025-08-27 10:05:58] [INFO] main: testadmin listed all VM
[2025-08-27 10:24:38] [INFO] main: testadmin login
[2025-08-27 10:24:38] [INFO] main: testadmin listed all VM
[2025-08-27 10:24:49] [INFO] main: testadmin listed all VM
[2025-08-27 15:33:49] [INFO] main: testadmin login
[2025-08-27 15:33:49] [INFO] main: testadmin listed all VM
[2025-08-27 15:34:03] [INFO] main: testadmin change state of vm linux-template to start
[2025-08-27 15:34:04] [INFO] main: testadmin listed all VM
[2025-08-27 15:34:45] [INFO] main: testadmin change state of vm linux-template to shutdown
[2025-08-27 15:34:46] [INFO] main: testadmin listed all VM
[2025-08-27 15:38:01] [INFO] main: testadmin login
[2025-08-27 15:38:02] [INFO] main: testadmin listed all VM
[2025-08-27 15:41:38] [INFO] main: testadmin listed all VM
[2025-08-27 15:43:56] [INFO] main: testadmin listed all VM
[2025-08-27 15:43:57] [INFO] main: testadmin listed all VM
[2025-08-27 15:47:49] [INFO] main: testadmin listed all VM
[2025-08-27 15:48:27] [INFO] main: testadmin change state of vm win-template to start
[2025-08-27 15:48:27] [INFO] main: testadmin listed all VM
[2025-08-27 15:50:01] [INFO] main: testadmin login
[2025-08-27 15:50:23] [ERROR] main: testadmin got ERROR    Domain to clone must be shutoff. when cloning Windows vm named win-clone1
[2025-08-27 15:50:29] [INFO] main: testadmin change state of vm win-template to shutdown
[2025-08-27 15:50:30] [INFO] main: testadmin listed all VM
[2025-08-27 15:50:33] [INFO] main: testadmin listed all VM
[2025-08-27 15:50:58] [INFO] main: testadmin listed all VM
[2025-08-27 15:52:12] [INFO] main: testadmin cloned Windows vm named win-clone1
[2025-08-27 15:54:06] [INFO] main: testadmin listed all VM
[2025-08-27 15:55:16] [INFO] main: testadmin cloned Windows vm named win-clone2
[2025-08-27 15:55:53] [INFO] main: testadmin listed all VM
[2025-08-27 15:56:20] [INFO] main: testadmin listed all VM
[2025-08-27 15:56:21] [INFO] main: testadmin listed all VM
[2025-08-27 15:56:22] [INFO] main: testadmin listed all VM
[2025-08-27 15:56:23] [INFO] main: testadmin listed all VM
[2025-08-27 15:56:23] [INFO] main: testadmin listed all VM
[2025-08-27 15:56:23] [INFO] main: testadmin listed all VM
[2025-08-27 15:56:24] [INFO] main: testadmin listed all VM
[2025-08-27 15:56:24] [INFO] main: testadmin listed all VM
[2025-08-27 15:56:25] [INFO] main: testadmin listed all VM
[2025-08-27 15:57:08] [INFO] main: testadmin cloned Windows vm named win-clone3
[2025-08-27 15:57:19] [INFO] main: testadmin listed all VM
[2025-08-27 15:57:36] [INFO] main: testadmin cloned Linux vm named linux-clone1
[2025-08-27 16:01:42] [INFO] main: testadmin change state of vm linux-clone1 to start
[2025-08-27 16:01:43] [INFO] main: testadmin listed all VM
[2025-08-27 16:02:14] [INFO] main: testadmin change state of vm linux-clone1 to shutdown
[2025-08-27 16:02:14] [INFO] main: testadmin listed all VM
[2025-08-27 16:02:41] [INFO] main: testadmin listed all VM
[2025-08-27 16:02:58] [INFO] main: testadmin cloned Linux vm named linux-clone2
[2025-08-27 16:03:12] [INFO] main: testadmin listed all VM
[2025-08-27 16:03:14] [INFO] main: testadmin change state of vm linux-clone1 to start
[2025-08-27 16:03:15] [INFO] main: testadmin listed all VM
[2025-08-27 16:03:24] [INFO] main: testadmin change state of vm linux-clone1 to shutdown
[2025-08-27 16:03:24] [INFO] main: testadmin listed all VM
[2025-08-27 16:03:28] [INFO] main: testadmin listed all VM
[2025-08-27 16:03:29] [INFO] main: testadmin listed all VM
[2025-08-27 16:03:30] [INFO] main: testadmin listed all VM
[2025-08-27 16:03:31] [INFO] main: testadmin listed all VM
[2025-08-27 16:03:39] [INFO] main: testadmin listed all VM
[2025-08-27 16:03:41] [INFO] main: testadmin change state of vm linux-clone1 to shutdown
[2025-08-27 16:03:41] [INFO] main: testadmin listed all VM
[2025-08-27 16:03:49] [INFO] main: testadmin listed all VM
[2025-08-27 16:04:03] [INFO] main: testadmin listed all VM
[2025-08-27 16:04:37] [INFO] main: testadmin listed all VM
[2025-08-27 16:04:40] [INFO] main: testadmin change state of vm linux-clone1 to start
[2025-08-27 16:04:40] [INFO] main: testadmin listed all VM
[2025-08-27 16:10:11] [INFO] main: testadmin listed all VM
[2025-08-27 16:18:21] [INFO] main: testadmin change state of vm linux-clone2 to start
[2025-08-27 16:18:22] [INFO] main: testadmin listed all VM
[2025-08-27 16:18:27] [INFO] main: testadmin change state of vm win-clone2 to start
[2025-08-27 16:18:27] [INFO] main: testadmin listed all VM
[2025-08-27 17:02:21] [ERROR] main: Entered wrong password
[2025-08-27 17:02:50] [INFO] main: testadmin login
[2025-08-27 17:05:04] [INFO] main: testadmin login
[2025-08-27 17:06:45] [INFO] main: testadmin login
[2025-08-28 12:30:19] [INFO] main: testadmin login
[2025-08-28 12:30:24] [INFO] main: testadmin listed all VM
[2025-08-28 12:30:42] [INFO] main: testadmin login
[2025-08-28 12:30:43] [INFO] main: testadmin listed all VM
[2025-08-28 15:57:27] [ERROR] main: Entered wrong password
[2025-08-28 15:57:39] [ERROR] main: Entered wrong password
[2025-08-28 15:57:41] [ERROR] main: Entered wrong password
[2025-08-28 15:57:41] [ERROR] main: Entered wrong password
[2025-08-28 15:57:42] [ERROR] main: Entered wrong password
[2025-08-28 15:57:43] [ERROR] main: Entered wrong password
[2025-08-28 15:57:44] [ERROR] main: Entered wrong password
[2025-08-28 15:57:44] [ERROR] main: Entered wrong password
[2025-08-28 15:57:45] [ERROR] main: Entered wrong password
[2025-08-28 15:57:45] [ERROR] main: Entered wrong password
[2025-08-28 15:57:46] [ERROR] main: Entered wrong password
[2025-08-28 15:57:46] [ERROR] main: Entered wrong password
[2025-08-28 15:57:47] [ERROR] main: Entered wrong password
[2025-08-28 15:57:48] [ERROR] main: Entered wrong password
[2025-08-28 15:58:59] [ERROR] main: Entered wrong password
[2025-08-28 16:00:47] [ERROR] main: testadmin Entered wrong password
[2025-08-28 16:00:52] [ERROR] main: testadmin Entered wrong password
[2025-08-28 16:05:46] [ERROR] main:  Entered wrong password
[2025-08-28 16:06:08] [ERROR] main: ahfgkg Entered wrong password
[2025-08-28 16:32:11] [INFO] main: testadmin login
[2025-08-28 16:32:12] [INFO] main: testadmin listed all VM
[2025-08-28 16:33:15] [INFO] main: testadmin change state of vm win-clone2 to shutdown
[2025-08-28 16:33:16] [INFO] main: testadmin listed all VM
[2025-08-28 16:33:20] [INFO] main: testadmin change state of vm linux-clone2 to shutdown
[2025-08-28 16:33:21] [INFO] main: testadmin listed all VM
[2025-08-28 16:33:36] [INFO] main: testadmin listed all VM
[2025-08-28 16:33:43] [INFO] main: testadmin listed all VM
[2025-08-28 16:33:44] [INFO] main: testadmin listed all VM
[2025-08-28 16:33:45] [INFO] main: testadmin listed all VM
[2025-08-28 16:33:45] [INFO] main: testadmin listed all VM
[2025-08-28 16:33:46] [INFO] main: testadmin listed all VM
[2025-08-28 16:35:03] [INFO] main: testadmin listed all VM
[2025-08-28 16:38:47] [INFO] main: testadmin listed all VM
[2025-08-28 16:38:53] [INFO] main: testadmin change state of vm win-clone2 to shutdown
[2025-08-28 16:38:53] [INFO] main: testadmin change state of vm win-clone2 to shutdown
[2025-08-28 16:38:53] [INFO] main: testadmin change state of vm win-clone2 to shutdown
[2025-08-28 16:38:53] [INFO] main: testadmin change state of vm win-clone2 to shutdown
[2025-08-28 16:38:53] [INFO] main: testadmin change state of vm win-clone2 to shutdown
[2025-08-28 16:38:54] [INFO] main: testadmin listed all VM
[2025-08-28 16:38:56] [INFO] main: testadmin listed all VM
[2025-08-28 16:38:58] [INFO] main: testadmin listed all VM
[2025-08-28 16:39:38] [INFO] main: testadmin listed all VM
[2025-08-28 16:39:48] [INFO] main: testadmin change state of vm linux-clone1 to shutdown
[2025-08-28 16:39:49] [INFO] main: testadmin listed all VM
[2025-08-28 16:40:18] [INFO] main: testadmin listed all VM
[2025-08-28 16:41:38] [INFO] main: testadmin change state of vm linux-clone1 to start
[2025-08-28 16:41:39] [INFO] main: testadmin listed all VM
[2025-08-28 16:42:20] [INFO] main: testadmin change state of vm linux-clone1 to shutdown
[2025-08-28 16:42:20] [INFO] main: testadmin listed all VM
[2025-08-28 16:44:44] [INFO] main: testadmin listed all VM
[2025-08-28 16:44:51] [INFO] main: testadmin change state of vm linux-clone1 to start
[2025-08-28 16:44:52] [INFO] main: testadmin listed all VM
[2025-08-28 16:44:55] [INFO] main: testadmin change state of vm linux-clone1 to shutdown
[2025-08-28 16:44:56] [INFO] main: testadmin listed all VM
[2025-08-28 16:45:49] [INFO] main: testadmin listed all VM
[2025-08-28 16:45:51] [INFO] main: testadmin change state of vm linux-clone1 to shutdown
[2025-08-28 16:45:52] [INFO] main: testadmin listed all VM
[2025-08-28 16:45:55] [INFO] main: testadmin listed all VM
[2025-08-28 16:46:22] [INFO] main: testadmin change state of vm linux-clone2 to start
[2025-08-28 16:46:23] [INFO] main: testadmin listed all VM
[2025-08-28 16:47:45] [INFO] main: testadmin change state of vm linux-clone2 to shutdown
[2025-08-28 16:47:46] [INFO] main: testadmin listed all VM
[2025-08-28 16:48:06] [INFO] main: testadmin listed all VM
[2025-08-28 16:55:02] [INFO] main: testadmin listed all VM
[2025-08-28 16:55:27] [INFO] main: testadmin change state of vm win-clone1 to start
[2025-08-28 16:55:36] [INFO] main: testadmin listed all VM
[2025-08-28 16:55:52] [INFO] main: testadmin change state of vm win-clone1 to shutdown
[2025-08-28 17:00:10] [INFO] main: testuser login
[2025-08-28 17:00:11] [INFO] main: testuser listed all VM
[2025-08-28 17:11:11] [INFO] main: testadmin cloned Linux vm named linux-clone3
[2025-08-28 17:50:33] [INFO] main: testadmin login
[2025-08-28 17:50:33] [INFO] main: testadmin listed all VM
[2025-08-29 12:25:39] [INFO] main: testadmin listed all VM
[2025-08-29 12:31:48] [INFO] main: testadmin listed all VM
[2025-08-29 12:32:50] [INFO] main: testadmin listed all VM
[2025-08-29 12:38:15] [INFO] main: testadmin listed all VM
[2025-08-29 12:45:14] [INFO] main: testadmin login
[2025-08-29 12:45:37] [INFO] main: testadmin listed all VM
[2025-08-29 12:45:42] [INFO] main: testadmin change state of vm linux-clone3 to start
[2025-08-29 12:45:43] [INFO] main: testadmin listed all VM
[2025-08-29 12:45:45] [INFO] main: testadmin change state of vm win-clone3 to shutdown
[2025-08-29 12:45:46] [INFO] main: testadmin listed all VM
[2025-08-29 12:45:48] [INFO] main: testadmin change state of vm linux-clone3 to shutdown
[2025-08-29 12:45:48] [INFO] main: testadmin listed all VM
[2025-08-29 12:46:41] [INFO] main: testadmin listed all VM
[2025-08-29 12:46:45] [INFO] main: testadmin change state of vm win-clone3 to shutdown
[2025-08-29 12:46:45] [INFO] main: testadmin listed all VM
[2025-08-29 12:47:05] [ERROR] main: testadmin got error: Failed to shutdown domain 'win-clone3'
error: Requested operation is not valid: domain is not running when changing state of vm win-clone3 to shutdown
[2025-08-29 12:47:06] [INFO] main: testadmin listed all VM
[2025-08-29 12:47:11] [INFO] main: testadmin change state of vm linux-clone3 to shutdown
[2025-08-29 12:47:11] [INFO] main: testadmin listed all VM
[2025-08-29 12:47:17] [INFO] main: testadmin listed all VM
[2025-08-29 12:47:22] [INFO] main: testadmin change state of vm win-clone3 to start
[2025-08-29 12:47:23] [INFO] main: testadmin listed all VM
[2025-08-29 12:47:24] [INFO] main: testadmin change state of vm linux-clone3 to start
[2025-08-29 12:47:24] [INFO] main: testadmin listed all VM
[2025-08-29 12:47:27] [INFO] main: testadmin change state of vm win-clone1 to start
[2025-08-29 12:47:27] [INFO] main: testadmin listed all VM
[2025-08-29 12:47:58] [INFO] main: testadmin change state of vm win-clone3 to shutdown
[2025-08-29 12:47:59] [INFO] main: testadmin listed all VM
[2025-08-29 12:48:06] [INFO] main: testadmin change state of vm win-clone1 to shutdown
[2025-08-29 12:48:07] [INFO] main: testadmin listed all VM
[2025-08-29 12:48:10] [INFO] main: testadmin change state of vm linux-clone3 to shutdown
[2025-08-29 12:48:10] [INFO] main: testadmin listed all VM
[2025-08-29 12:48:20] [INFO] main: testadmin listed all VM
[2025-08-29 15:05:23] [INFO] main: testadmin listed all VM
[2025-08-29 15:05:51] [INFO] main: testadmin listed all VM
[2025-08-29 15:09:46] [INFO] main: testadmin listed all VM
[2025-08-29 15:09:53] [INFO] main: testadmin listed all VM
[2025-08-29 15:10:36] [INFO] main: testadmin listed all VM
[2025-08-29 15:20:54] [INFO] main: testadmin listed all VM
[2025-08-29 15:21:03] [INFO] main: testadmin listed all VM
[2025-08-29 15:21:07] [INFO] main: testadmin listed all VM
[2025-08-29 15:21:13] [INFO] main: testadmin listed all VM
[2025-08-29 15:23:12] [INFO] main: testadmin listed all VM
[2025-08-29 15:25:53] [INFO] main: testadmin listed all VM
[2025-08-29 15:25:56] [INFO] main: testadmin listed all VM
